# JRE version: OpenJDK Runtime Environment Temurin-26.0.2+10 (26.0.2+10) (build 26.0.2+10)
# Java VM: OpenJDK 64-Bit Server VM Temurin-26.0.2+10 (26.0.2+10, mixed mode, sharing, tiered, compressed oops, compressed class ptrs, g1 gc, windows-amd64)
GC Precious Log:
 CardTable entry size: 512
 Card Set container configuration: InlinePtr #cards 4 size 8 Array Of Cards #cards 16 size 48 Howl #buckets 8 coarsen threshold 3686 Howl Bitmap #cards 512 size 80 coarsen threshold 460 Card regions per heap region 1 cards per card region 4096
 CPUs: 8 total, 8 available
 Memory: 12087M
 Large Page Support: Disabled
 NUMA Support: Disabled
 Compressed Oops: Enabled (Zero based)
 Heap Region Size: 2M
 Heap Min Capacity: 8M
 Heap Initial Capacity: 8M
 Heap Max Capacity: 3022M
 Pre-touch: Disabled
 Parallel Workers: 8
 Concurrent Workers: 2
 Concurrent Refinement Workers: 8
 Periodic GC: Disabled
Heap:
 garbage-first heap   total reserved 3094528K, committed 28672K, used 8338K [0x0000000743200000, 0x0000000800000000)
  region size 2M, 0 eden (0M), 1 survivor (2M), 4 old (8M), 0 humongous (0M), 9 free (18M)
GC Heap Usage History (15 events):
Event: 0.185 {heap Before GC invocations=0 (full 0):
 garbage-first heap   total reserved 3094528K, committed 10240K, used 5279K [0x0000000743200000, 0x0000000800000000)
  region size 2M, 2 eden (4M), 0 survivor (0M), 1 old (2M), 0 humongous (0M), 2 free (4M)
}
Event: 0.188 {heap After GC invocations=1 (full 0):
 garbage-first heap   total reserved 3094528K, committed 10240K, used 2737K [0x0000000743200000, 0x0000000800000000)
  region size 2M, 0 eden (0M), 1 survivor (2M), 1 old (2M), 0 humongous (0M), 3 free (6M)
}
Event: 0.256 {heap Before GC invocations=1 (full 0):
 garbage-first heap   total reserved 3094528K, committed 10240K, used 4785K [0x0000000743200000, 0x0000000800000000)
  region size 2M, 1 eden (2M), 1 survivor (2M), 1 old (2M), 0 humongous (0M), 2 free (4M)
}
Event: 0.259 {heap After GC invocations=2 (full 0):
 garbage-first heap   total reserved 3094528K, committed 10240K, used 2954K [0x0000000743200000, 0x0000000800000000)
  region size 2M, 0 eden (0M), 1 survivor (2M), 2 old (4M), 0 humongous (0M), 2 free (4M)
}
Event: 0.311 {heap Before GC invocations=2 (full 0):
 garbage-first heap   total reserved 3094528K, committed 10240K, used 5002K [0x0000000743200000, 0x0000000800000000)
  region size 2M, 1 eden (2M), 1 survivor (2M), 2 old (4M), 0 humongous (0M), 1 free (2M)
}
Event: 0.313 {heap After GC invocations=3 (full 0):
 garbage-first heap   total reserved 3094528K, committed 28672K, used 3274K [0x0000000743200000, 0x0000000800000000)
  region size 2M, 0 eden (0M), 1 survivor (2M), 2 old (4M), 0 humongous (0M), 11 free (22M)
}
Event: 0.572 {heap Before GC invocations=3 (full 0):
 garbage-first heap   total reserved 3094528K, committed 28672K, used 13514K [0x0000000743200000, 0x0000000800000000)
  region size 2M, 6 eden (12M), 1 survivor (2M), 2 old (4M), 0 humongous (0M), 5 free (10M)
}
Event: 0.576 {heap After GC invocations=4 (full 0):
 garbage-first heap   total reserved 3094528K, committed 28672K, used 4387K [0x0000000743200000, 0x0000000800000000)
  region size 2M, 0 eden (0M), 1 survivor (2M), 2 old (4M), 0 humongous (0M), 11 free (22M)
}
Event: 0.758 {heap Before GC invocations=4 (full 0):
 garbage-first heap   total reserved 3094528K, committed 28672K, used 16675K [0x0000000743200000, 0x0000000800000000)
  region size 2M, 6 eden (12M), 1 survivor (2M), 2 old (4M), 0 humongous (0M), 5 free (10M)
}
Event: 0.762 {heap After GC invocations=5 (full 0):
 garbage-first heap   total reserved 3094528K, committed 28672K, used 4838K [0x0000000743200000, 0x0000000800000000)
  region size 2M, 0 eden (0M), 1 survivor (2M), 3 old (6M), 0 humongous (0M), 10 free (20M)
}
Event: 0.987 {heap Before GC invocations=5 (full 0):
 garbage-first heap   total reserved 3094528K, committed 28672K, used 17126K [0x0000000743200000, 0x0000000800000000)
  region size 2M, 6 eden (12M), 1 survivor (2M), 3 old (6M), 0 humongous (0M), 4 free (8M)
}
Event: 0.989 {heap After GC invocations=6 (full 0):
 garbage-first heap   total reserved 3094528K, committed 28672K, used 5244K [0x0000000743200000, 0x0000000800000000)
  region size 2M, 0 eden (0M), 1 survivor (2M), 3 old (6M), 0 humongous (0M), 10 free (20M)
}
Event: 1.256 {heap Before GC invocations=6 (full 0):
 garbage-first heap   total reserved 3094528K, committed 28672K, used 19580K [0x0000000743200000, 0x0000000800000000)
  region size 2M, 7 eden (14M), 1 survivor (2M), 3 old (6M), 0 humongous (0M), 3 free (6M)
}
Event: 1.261 {heap After GC invocations=7 (full 0):
 garbage-first heap   total reserved 3094528K, committed 28672K, used 6570K [0x0000000743200000, 0x0000000800000000)
  region size 2M, 0 eden (0M), 1 survivor (2M), 3 old (6M), 0 humongous (0M), 10 free (20M)
}
Event: 1.574 {heap Before GC invocations=7 (full 0):
 garbage-first heap   total reserved 3094528K, committed 28672K, used 20906K [0x0000000743200000, 0x0000000800000000)
  region size 2M, 7 eden (14M), 1 survivor (2M), 3 old (6M), 0 humongous (0M), 3 free (6M)
}

