# JRE version: OpenJDK Runtime Environment Temurin-26.0.2+10 (26.0.2+10) (build 26.0.2+10)
# Java VM: OpenJDK 64-Bit Server VM Temurin-26.0.2+10 (26.0.2+10, mixed mode, sharing, tiered, compressed oops, compressed class ptrs, g1 gc, windows-amd64)
GC Precious Log:
 CardTable entry size: 512
 Card Set container configuration: InlinePtr #cards 4 size 8 Array Of Cards #cards 16 size 48 Howl #buckets 8 coarsen threshold 3686 Howl Bitmap #cards 512 size 80 coarsen threshold 460 Card regions per heap region 1 cards per card region 4096
 CPUs: 8 total, 8 available
 Memory: 12087M
 Large Page Support: Disabled
 NUMA Support: Disabled
 Compressed Oops: Enabled (Zero based)
 Heap Region Size: 2M
 Heap Min Capacity: 8M
 Heap Initial Capacity: 8M
 Heap Max Capacity: 3022M
 Pre-touch: Disabled
 Parallel Workers: 8
 Concurrent Workers: 2
 Concurrent Refinement Workers: 8
 Periodic GC: Disabled
Heap:
 garbage-first heap   total reserved 3094528K, committed 73728K, used 29820K [0x0000000743200000, 0x0000000800000000)
  region size 2M, 10 eden (20M), 3 survivor (6M), 4 old (8M), 0 humongous (0M), 19 free (38M)
GC Heap Usage History (20 events):
Event: 0.199 {heap Before GC invocations=0 (full 0):
 garbage-first heap   total reserved 3094528K, committed 10240K, used 5279K [0x0000000743200000, 0x0000000800000000)
  region size 2M, 2 eden (4M), 0 survivor (0M), 1 old (2M), 0 humongous (0M), 2 free (4M)
}
Event: 0.201 {heap After GC invocations=1 (full 0):
 garbage-first heap   total reserved 3094528K, committed 10240K, used 2737K [0x0000000743200000, 0x0000000800000000)
  region size 2M, 0 eden (0M), 1 survivor (2M), 1 old (2M), 0 humongous (0M), 3 free (6M)
}
Event: 0.279 {heap Before GC invocations=1 (full 0):
 garbage-first heap   total reserved 3094528K, committed 10240K, used 4785K [0x0000000743200000, 0x0000000800000000)
  region size 2M, 1 eden (2M), 1 survivor (2M), 1 old (2M), 0 humongous (0M), 2 free (4M)
}
Event: 0.282 {heap After GC invocations=2 (full 0):
 garbage-first heap   total reserved 3094528K, committed 10240K, used 2943K [0x0000000743200000, 0x0000000800000000)
  region size 2M, 0 eden (0M), 1 survivor (2M), 2 old (4M), 0 humongous (0M), 2 free (4M)
}
Event: 0.337 {heap Before GC invocations=2 (full 0):
 garbage-first heap   total reserved 3094528K, committed 10240K, used 4991K [0x0000000743200000, 0x0000000800000000)
  region size 2M, 1 eden (2M), 1 survivor (2M), 2 old (4M), 0 humongous (0M), 1 free (2M)
}
Event: 0.339 {heap After GC invocations=3 (full 0):
 garbage-first heap   total reserved 3094528K, committed 10240K, used 3263K [0x0000000743200000, 0x0000000800000000)
  region size 2M, 0 eden (0M), 1 survivor (2M), 2 old (4M), 0 humongous (0M), 2 free (4M)
}
Event: 0.388 {heap Before GC invocations=3 (full 0):
 garbage-first heap   total reserved 3094528K, committed 10240K, used 5311K [0x0000000743200000, 0x0000000800000000)
  region size 2M, 1 eden (2M), 1 survivor (2M), 2 old (4M), 0 humongous (0M), 1 free (2M)
}
Event: 0.391 {heap After GC invocations=4 (full 0):
 garbage-first heap   total reserved 3094528K, committed 26624K, used 3820K [0x0000000743200000, 0x0000000800000000)
  region size 2M, 0 eden (0M), 1 survivor (2M), 2 old (4M), 0 humongous (0M), 10 free (20M)
}
Event: 0.598 {heap Before GC invocations=4 (full 0):
 garbage-first heap   total reserved 3094528K, committed 26624K, used 12012K [0x0000000743200000, 0x0000000800000000)
  region size 2M, 5 eden (10M), 1 survivor (2M), 2 old (4M), 0 humongous (0M), 5 free (10M)
}
Event: 0.602 {heap After GC invocations=5 (full 0):
 garbage-first heap   total reserved 3094528K, committed 26624K, used 4482K [0x0000000743200000, 0x0000000800000000)
  region size 2M, 0 eden (0M), 1 survivor (2M), 2 old (4M), 0 humongous (0M), 10 free (20M)
}
Event: 0.733 {heap Before GC invocations=5 (full 0):
 garbage-first heap   total reserved 3094528K, committed 26624K, used 14722K [0x0000000743200000, 0x0000000800000000)
  region size 2M, 5 eden (10M), 1 survivor (2M), 2 old (4M), 0 humongous (0M), 5 free (10M)
}
Event: 0.737 {heap After GC invocations=6 (full 0):
 garbage-first heap   total reserved 3094528K, committed 26624K, used 4692K [0x0000000743200000, 0x0000000800000000)
  region size 2M, 0 eden (0M), 1 survivor (2M), 3 old (6M), 0 humongous (0M), 9 free (18M)
}
Event: 0.948 {heap Before GC invocations=6 (full 0):
 garbage-first heap   total reserved 3094528K, committed 26624K, used 16980K [0x0000000743200000, 0x0000000800000000)
  region size 2M, 6 eden (12M), 1 survivor (2M), 3 old (6M), 0 humongous (0M), 3 free (6M)
}
Event: 0.951 {heap After GC invocations=7 (full 0):
 garbage-first heap   total reserved 3094528K, committed 26624K, used 5133K [0x0000000743200000, 0x0000000800000000)
  region size 2M, 0 eden (0M), 1 survivor (2M), 3 old (6M), 0 humongous (0M), 9 free (18M)
}
Event: 1.169 {heap Before GC invocations=7 (full 0):
 garbage-first heap   total reserved 3094528K, committed 26624K, used 17421K [0x0000000743200000, 0x0000000800000000)
  region size 2M, 6 eden (12M), 1 survivor (2M), 3 old (6M), 0 humongous (0M), 3 free (6M)
}
Event: 1.174 {heap After GC invocations=8 (full 0):
 garbage-first heap   total reserved 3094528K, committed 26624K, used 6230K [0x0000000743200000, 0x0000000800000000)
  region size 2M, 0 eden (0M), 1 survivor (2M), 3 old (6M), 0 humongous (0M), 9 free (18M)
}
Event: 1.455 {heap Before GC invocations=8 (full 0):
 garbage-first heap   total reserved 3094528K, committed 26624K, used 18518K [0x0000000743200000, 0x0000000800000000)
  region size 2M, 6 eden (12M), 1 survivor (2M), 3 old (6M), 0 humongous (0M), 3 free (6M)
}
Event: 1.460 {heap After GC invocations=9 (full 0):
 garbage-first heap   total reserved 3094528K, committed 73728K, used 7589K [0x0000000743200000, 0x0000000800000000)
  region size 2M, 0 eden (0M), 1 survivor (2M), 4 old (8M), 0 humongous (0M), 31 free (62M)
}
Event: 2.206 {heap Before GC invocations=9 (full 0):
 garbage-first heap   total reserved 3094528K, committed 73728K, used 46501K [0x0000000743200000, 0x0000000800000000)
  region size 2M, 20 eden (40M), 1 survivor (2M), 4 old (8M), 0 humongous (0M), 11 free (22M)
}
Event: 2.217 {heap After GC invocations=10 (full 0):
 garbage-first heap   total reserved 3094528K, committed 73728K, used 11388K [0x0000000743200000, 0x0000000800000000)
  region size 2M, 0 eden (0M), 3 survivor (6M), 4 old (8M), 0 humongous (0M), 29 free (58M)
}

