# JRE version: OpenJDK Runtime Environment Temurin-26.0.2+10 (26.0.2+10) (build 26.0.2+10)
# Java VM: OpenJDK 64-Bit Server VM Temurin-26.0.2+10 (26.0.2+10, mixed mode, sharing, tiered, compressed oops, compressed class ptrs, g1 gc, windows-amd64)
GC Precious Log:
 CardTable entry size: 512
 Card Set container configuration: InlinePtr #cards 4 size 8 Array Of Cards #cards 16 size 48 Howl #buckets 8 coarsen threshold 3686 Howl Bitmap #cards 512 size 80 coarsen threshold 460 Card regions per heap region 1 cards per card region 4096
 CPUs: 8 total, 8 available
 Memory: 12087M
 Large Page Support: Disabled
 NUMA Support: Disabled
 Compressed Oops: Enabled (Zero based)
 Heap Region Size: 2M
 Heap Min Capacity: 8M
 Heap Initial Capacity: 8M
 Heap Max Capacity: 3022M
 Pre-touch: Disabled
 Parallel Workers: 8
 Concurrent Workers: 2
 Concurrent Refinement Workers: 8
 Periodic GC: Disabled
Heap:
 garbage-first heap   total reserved 3094528K, committed 61440K, used 27741K [0x0000000743200000, 0x0000000800000000)
  region size 2M, 9 eden (18M), 3 survivor (6M), 4 old (8M), 0 humongous (0M), 14 free (28M)
GC Heap Usage History (18 events):
Event: 0.209 {heap Before GC invocations=0 (full 0):
 garbage-first heap   total reserved 3094528K, committed 10240K, used 5279K [0x0000000743200000, 0x0000000800000000)
  region size 2M, 2 eden (4M), 0 survivor (0M), 1 old (2M), 0 humongous (0M), 2 free (4M)
}
Event: 0.212 {heap After GC invocations=1 (full 0):
 garbage-first heap   total reserved 3094528K, committed 10240K, used 2686K [0x0000000743200000, 0x0000000800000000)
  region size 2M, 0 eden (0M), 1 survivor (2M), 1 old (2M), 0 humongous (0M), 3 free (6M)
}
Event: 0.292 {heap Before GC invocations=1 (full 0):
 garbage-first heap   total reserved 3094528K, committed 10240K, used 4734K [0x0000000743200000, 0x0000000800000000)
  region size 2M, 1 eden (2M), 1 survivor (2M), 1 old (2M), 0 humongous (0M), 2 free (4M)
}
Event: 0.294 {heap After GC invocations=2 (full 0):
 garbage-first heap   total reserved 3094528K, committed 10240K, used 2956K [0x0000000743200000, 0x0000000800000000)
  region size 2M, 0 eden (0M), 1 survivor (2M), 2 old (4M), 0 humongous (0M), 2 free (4M)
}
Event: 0.354 {heap Before GC invocations=2 (full 0):
 garbage-first heap   total reserved 3094528K, committed 10240K, used 5004K [0x0000000743200000, 0x0000000800000000)
  region size 2M, 1 eden (2M), 1 survivor (2M), 2 old (4M), 0 humongous (0M), 1 free (2M)
}
Event: 0.356 {heap After GC invocations=3 (full 0):
 garbage-first heap   total reserved 3094528K, committed 28672K, used 3237K [0x0000000743200000, 0x0000000800000000)
  region size 2M, 0 eden (0M), 1 survivor (2M), 2 old (4M), 0 humongous (0M), 11 free (22M)
}
Event: 0.663 {heap Before GC invocations=3 (full 0):
 garbage-first heap   total reserved 3094528K, committed 28672K, used 15525K [0x0000000743200000, 0x0000000800000000)
  region size 2M, 6 eden (12M), 1 survivor (2M), 2 old (4M), 0 humongous (0M), 5 free (10M)
}
Event: 0.668 {heap After GC invocations=4 (full 0):
 garbage-first heap   total reserved 3094528K, committed 28672K, used 4355K [0x0000000743200000, 0x0000000800000000)
  region size 2M, 0 eden (0M), 1 survivor (2M), 2 old (4M), 0 humongous (0M), 11 free (22M)
}
Event: 0.856 {heap Before GC invocations=4 (full 0):
 garbage-first heap   total reserved 3094528K, committed 28672K, used 16643K [0x0000000743200000, 0x0000000800000000)
  region size 2M, 6 eden (12M), 1 survivor (2M), 2 old (4M), 0 humongous (0M), 5 free (10M)
}
Event: 0.860 {heap After GC invocations=5 (full 0):
 garbage-first heap   total reserved 3094528K, committed 28672K, used 4767K [0x0000000743200000, 0x0000000800000000)
  region size 2M, 0 eden (0M), 1 survivor (2M), 3 old (6M), 0 humongous (0M), 10 free (20M)
}
Event: 1.078 {heap Before GC invocations=5 (full 0):
 garbage-first heap   total reserved 3094528K, committed 28672K, used 17055K [0x0000000743200000, 0x0000000800000000)
  region size 2M, 6 eden (12M), 1 survivor (2M), 3 old (6M), 0 humongous (0M), 4 free (8M)
}
Event: 1.081 {heap After GC invocations=6 (full 0):
 garbage-first heap   total reserved 3094528K, committed 28672K, used 5238K [0x0000000743200000, 0x0000000800000000)
  region size 2M, 0 eden (0M), 1 survivor (2M), 3 old (6M), 0 humongous (0M), 10 free (20M)
}
Event: 1.358 {heap Before GC invocations=6 (full 0):
 garbage-first heap   total reserved 3094528K, committed 28672K, used 19574K [0x0000000743200000, 0x0000000800000000)
  region size 2M, 7 eden (14M), 1 survivor (2M), 3 old (6M), 0 humongous (0M), 3 free (6M)
}
Event: 1.364 {heap After GC invocations=7 (full 0):
 garbage-first heap   total reserved 3094528K, committed 28672K, used 6474K [0x0000000743200000, 0x0000000800000000)
  region size 2M, 0 eden (0M), 1 survivor (2M), 3 old (6M), 0 humongous (0M), 10 free (20M)
}
Event: 1.703 {heap Before GC invocations=7 (full 0):
 garbage-first heap   total reserved 3094528K, committed 28672K, used 20810K [0x0000000743200000, 0x0000000800000000)
  region size 2M, 7 eden (14M), 1 survivor (2M), 3 old (6M), 0 humongous (0M), 3 free (6M)
}
Event: 1.711 {heap After GC invocations=8 (full 0):
 garbage-first heap   total reserved 3094528K, committed 61440K, used 8340K [0x0000000743200000, 0x0000000800000000)
  region size 2M, 0 eden (0M), 1 survivor (2M), 4 old (8M), 0 humongous (0M), 25 free (50M)
}
Event: 2.293 {heap Before GC invocations=8 (full 0):
 garbage-first heap   total reserved 3094528K, committed 61440K, used 41108K [0x0000000743200000, 0x0000000800000000)
  region size 2M, 17 eden (34M), 1 survivor (2M), 4 old (8M), 0 humongous (0M), 8 free (16M)
}
Event: 2.301 {heap After GC invocations=9 (full 0):
 garbage-first heap   total reserved 3094528K, committed 61440K, used 11357K [0x0000000743200000, 0x0000000800000000)
  region size 2M, 0 eden (0M), 3 survivor (6M), 4 old (8M), 0 humongous (0M), 23 free (46M)
}

