# JRE version: OpenJDK Runtime Environment Temurin-26.0.2+10 (26.0.2+10) (build 26.0.2+10)
# Java VM: OpenJDK 64-Bit Server VM Temurin-26.0.2+10 (26.0.2+10, mixed mode, sharing, tiered, compressed oops, compressed class ptrs, g1 gc, windows-amd64)
GC Precious Log:
 CardTable entry size: 512
 Card Set container configuration: InlinePtr #cards 4 size 8 Array Of Cards #cards 16 size 48 Howl #buckets 8 coarsen threshold 3686 Howl Bitmap #cards 512 size 80 coarsen threshold 460 Card regions per heap region 1 cards per card region 4096
 CPUs: 8 total, 8 available
 Memory: 12087M
 Large Page Support: Disabled
 NUMA Support: Disabled
 Compressed Oops: Enabled (Zero based)
 Heap Region Size: 2M
 Heap Min Capacity: 8M
 Heap Initial Capacity: 8M
 Heap Max Capacity: 3022M
 Pre-touch: Disabled
 Parallel Workers: 8
 Concurrent Workers: 2
 Concurrent Refinement Workers: 8
 Periodic GC: Disabled
Heap:
 garbage-first heap   total reserved 3094528K, committed 55296K, used 34727K [0x0000000743200000, 0x0000000800000000)
  region size 2M, 6 eden (12M), 2 survivor (4M), 9 old (18M), 2 humongous (4M), 8 free (16M)
GC Heap Usage History (20 events):
Event: 0.397 {heap Before GC invocations=2 (full 0):
 garbage-first heap   total reserved 3094528K, committed 10240K, used 4977K [0x0000000743200000, 0x0000000800000000)
  region size 2M, 1 eden (2M), 1 survivor (2M), 2 old (4M), 0 humongous (0M), 1 free (2M)
}
Event: 0.399 {heap After GC invocations=3 (full 0):
 garbage-first heap   total reserved 3094528K, committed 10240K, used 3258K [0x0000000743200000, 0x0000000800000000)
  region size 2M, 0 eden (0M), 1 survivor (2M), 2 old (4M), 0 humongous (0M), 2 free (4M)
}
Event: 0.452 {heap Before GC invocations=3 (full 0):
 garbage-first heap   total reserved 3094528K, committed 10240K, used 5306K [0x0000000743200000, 0x0000000800000000)
  region size 2M, 1 eden (2M), 1 survivor (2M), 2 old (4M), 0 humongous (0M), 1 free (2M)
}
Event: 0.454 {heap After GC invocations=4 (full 0):
 garbage-first heap   total reserved 3094528K, committed 18432K, used 3903K [0x0000000743200000, 0x0000000800000000)
  region size 2M, 0 eden (0M), 1 survivor (2M), 2 old (4M), 0 humongous (0M), 6 free (12M)
}
Event: 0.590 {heap Before GC invocations=4 (full 0):
 garbage-first heap   total reserved 3094528K, committed 18432K, used 7999K [0x0000000743200000, 0x0000000800000000)
  region size 2M, 3 eden (6M), 1 survivor (2M), 2 old (4M), 0 humongous (0M), 3 free (6M)
}
Event: 0.594 {heap After GC invocations=5 (full 0):
 garbage-first heap   total reserved 3094528K, committed 18432K, used 4071K [0x0000000743200000, 0x0000000800000000)
  region size 2M, 0 eden (0M), 1 survivor (2M), 2 old (4M), 0 humongous (0M), 6 free (12M)
}
Event: 0.696 {heap Before GC invocations=5 (full 0):
 garbage-first heap   total reserved 3094528K, committed 18432K, used 10215K [0x0000000743200000, 0x0000000800000000)
  region size 2M, 3 eden (6M), 1 survivor (2M), 2 old (4M), 0 humongous (0M), 3 free (6M)
}
Event: 0.699 {heap After GC invocations=6 (full 0):
 garbage-first heap   total reserved 3094528K, committed 18432K, used 4475K [0x0000000743200000, 0x0000000800000000)
  region size 2M, 0 eden (0M), 1 survivor (2M), 2 old (4M), 0 humongous (0M), 6 free (12M)
}
Event: 0.785 {heap Before GC invocations=6 (full 0):
 garbage-first heap   total reserved 3094528K, committed 18432K, used 10619K [0x0000000743200000, 0x0000000800000000)
  region size 2M, 3 eden (6M), 1 survivor (2M), 2 old (4M), 0 humongous (0M), 3 free (6M)
}
Event: 0.788 {heap After GC invocations=7 (full 0):
 garbage-first heap   total reserved 3094528K, committed 18432K, used 4711K [0x0000000743200000, 0x0000000800000000)
  region size 2M, 0 eden (0M), 1 survivor (2M), 3 old (6M), 0 humongous (0M), 5 free (10M)
}
Event: 0.916 {heap Before GC invocations=7 (full 0):
 garbage-first heap   total reserved 3094528K, committed 18432K, used 10855K [0x0000000743200000, 0x0000000800000000)
  region size 2M, 3 eden (6M), 1 survivor (2M), 3 old (6M), 0 humongous (0M), 2 free (4M)
}
Event: 0.919 {heap After GC invocations=8 (full 0):
 garbage-first heap   total reserved 3094528K, committed 55296K, used 4870K [0x0000000743200000, 0x0000000800000000)
  region size 2M, 0 eden (0M), 1 survivor (2M), 3 old (6M), 0 humongous (0M), 23 free (46M)
}
Event: 1.507 {heap Before GC invocations=8 (full 0):
 garbage-first heap   total reserved 3094528K, committed 55296K, used 35590K [0x0000000743200000, 0x0000000800000000)
  region size 2M, 15 eden (30M), 1 survivor (2M), 3 old (6M), 0 humongous (0M), 8 free (16M)
}
Event: 1.514 {heap After GC invocations=9 (full 0):
 garbage-first heap   total reserved 3094528K, committed 55296K, used 7371K [0x0000000743200000, 0x0000000800000000)
  region size 2M, 0 eden (0M), 2 survivor (4M), 3 old (6M), 0 humongous (0M), 22 free (44M)
}
Event: 2.075 {heap Before GC invocations=9 (full 0):
 garbage-first heap   total reserved 3094528K, committed 55296K, used 36043K [0x0000000743200000, 0x0000000800000000)
  region size 2M, 14 eden (28M), 2 survivor (4M), 3 old (6M), 0 humongous (0M), 8 free (16M)
}
Event: 2.087 {heap After GC invocations=10 (full 0):
 garbage-first heap   total reserved 3094528K, committed 55296K, used 10352K [0x0000000743200000, 0x0000000800000000)
  region size 2M, 0 eden (0M), 2 survivor (4M), 4 old (8M), 0 humongous (0M), 21 free (42M)
}
Event: 2.571 {heap Before GC invocations=10 (full 0):
 garbage-first heap   total reserved 3094528K, committed 55296K, used 41072K [0x0000000743200000, 0x0000000800000000)
  region size 2M, 14 eden (28M), 2 survivor (4M), 4 old (8M), 1 humongous (2M), 6 free (12M)
}
Event: 2.580 {heap After GC invocations=11 (full 0):
 garbage-first heap   total reserved 3094528K, committed 55296K, used 16247K [0x0000000743200000, 0x0000000800000000)
  region size 2M, 0 eden (0M), 2 survivor (4M), 6 old (12M), 1 humongous (2M), 18 free (36M)
}
Event: 2.732 {heap Before GC invocations=11 (full 0):
 garbage-first heap   total reserved 3094528K, committed 55296K, used 26487K [0x0000000743200000, 0x0000000800000000)
  region size 2M, 5 eden (10M), 2 survivor (4M), 6 old (12M), 2 humongous (4M), 12 free (24M)
}
Event: 2.747 {heap After GC invocations=12 (full 0):
 garbage-first heap   total reserved 3094528K, committed 55296K, used 24487K [0x0000000743200000, 0x0000000800000000)
  region size 2M, 0 eden (0M), 2 survivor (4M), 9 old (18M), 2 humongous (4M), 14 free (28M)
}

